Command: vcs -f flist -sverilog -l build.log +v2k -kdb -lca -full64 -debug_access+all \
-timescale=1ns/1ps +define+DUMP_FSDB +define+UVM_VERDI_COMPWAVE +incdir+/home/jnjn0022/synopsys/uvm-1.1d/src \
/home/jnjn0022/synopsys/uvm-1.1d/src/uvm.sv -CFLAGS -DVCS +acc +vpi -ntb_opts uvm \
-Xcheck_p1800_2009=char -cpp g++-4.8 -cc gcc-4.8 -LDFLAGS -Wl,--no-as-needed
*** Using c compiler gcc-4.8 instead of cc ...
                         Chronologic VCS (TM)
         Version L-2016.06_Full64 -- Sat Jul 29 17:55:37 2023
               Copyright (c) 1991-2016 by Synopsys Inc.
                         ALL RIGHTS RESERVED

This program is proprietary and confidential information of Synopsys Inc.
and may be used and disclosed only as authorized in a license agreement
controlling such use and disclosure.


Warning-[LCA_FEATURES_ENABLED] Usage warning
  LCA features enabled by '-lca' argument on the command line.  For more 
  information regarding list of LCA features please refer to Chapter "LCA 
  features" in the VCS/VCS-MX Release Notes


Warning-[DBG_FLAG_DEP] Debug Option is being Deprecated
  The '+acc' debug-related option is being deprecated and will no longer be 
  supported in a future release.
  Please recompile using the '-debug_access<+options>' switch and incremental 
  options as required.  Recommended options are '-debug_access' for 
  post-process debug, '-debug_access+classdbg' for testbench debug, and 
  '-debug_access+all' for all debug capabilities.  Refer the VCS user guide 
  for more granular options for debug control under the switch '-debug_access'
  and refer to '-debug_region' for region control.

Parsing design file '/home/jnjn0022/synopsys/vcs/etc/uvm/uvm_pkg.sv'
Parsing included file '/home/jnjn0022/synopsys/vcs/etc/uvm/uvm_macros.svh'.
Parsing included file '/home/jnjn0022/synopsys/vcs/etc/uvm/macros/uvm_version_defines.svh'.
Back to file '/home/jnjn0022/synopsys/vcs/etc/uvm/uvm_macros.svh'.
Parsing included file '/home/jnjn0022/synopsys/vcs/etc/uvm/macros/uvm_message_defines.svh'.
Back to file '/home/jnjn0022/synopsys/vcs/etc/uvm/uvm_macros.svh'.
Parsing included file '/home/jnjn0022/synopsys/vcs/etc/uvm/macros/uvm_phase_defines.svh'.
Back to file '/home/jnjn0022/synopsys/vcs/etc/uvm/uvm_macros.svh'.
Parsing included file '/home/jnjn0022/synopsys/vcs/etc/uvm/macros/uvm_object_defines.svh'.
Back to file '/home/jnjn0022/synopsys/vcs/etc/uvm/uvm_macros.svh'.
Parsing included file '/home/jnjn0022/synopsys/vcs/etc/uvm/macros/uvm_printer_defines.svh'.
Back to file '/home/jnjn0022/synopsys/vcs/etc/uvm/uvm_macros.svh'.
Parsing included file '/home/jnjn0022/synopsys/vcs/etc/uvm/macros/uvm_tlm_defines.svh'.
Parsing included file '/home/jnjn0022/synopsys/vcs/etc/uvm/tlm1/uvm_tlm_imps.svh'.
Back to file '/home/jnjn0022/synopsys/vcs/etc/uvm/macros/uvm_tlm_defines.svh'.
Back to file '/home/jnjn0022/synopsys/vcs/etc/uvm/uvm_macros.svh'.
Parsing included file '/home/jnjn0022/synopsys/vcs/etc/uvm/macros/uvm_sequence_defines.svh'.
Back to file '/home/jnjn0022/synopsys/vcs/etc/uvm/uvm_macros.svh'.
Parsing included file '/home/jnjn0022/synopsys/vcs/etc/uvm/macros/uvm_callback_defines.svh'.
Back to file '/home/jnjn0022/synopsys/vcs/etc/uvm/uvm_macros.svh'.
Parsing included file '/home/jnjn0022/synopsys/vcs/etc/uvm/macros/uvm_reg_defines.svh'.
Back to file '/home/jnjn0022/synopsys/vcs/etc/uvm/uvm_macros.svh'.
Parsing included file '/home/jnjn0022/synopsys/vcs/etc/uvm/macros/uvm_deprecated_defines.svh'.
Back to file '/home/jnjn0022/synopsys/vcs/etc/uvm/uvm_macros.svh'.
Back to file '/home/jnjn0022/synopsys/vcs/etc/uvm/uvm_pkg.sv'.
Parsing included file '/home/jnjn0022/synopsys/vcs/etc/uvm/directc/uvm_directc.svh'.
Parsing included file '/home/jnjn0022/synopsys/vcs/etc/uvm/directc/uvm_seed.vh'.
Back to file '/home/jnjn0022/synopsys/vcs/etc/uvm/directc/uvm_directc.svh'.
Back to file '/home/jnjn0022/synopsys/vcs/etc/uvm/uvm_pkg.sv'.
Parsing included file '/home/jnjn0022/synopsys/vcs/etc/uvm/dpi/uvm_dpi.svh'.
Parsing included file '/home/jnjn0022/synopsys/vcs/etc/uvm/dpi/uvm_hdl.svh'.
Back to file '/home/jnjn0022/synopsys/vcs/etc/uvm/dpi/uvm_dpi.svh'.
Parsing included file '/home/jnjn0022/synopsys/vcs/etc/uvm/dpi/uvm_svcmd_dpi.svh'.
Back to file '/home/jnjn0022/synopsys/vcs/etc/uvm/dpi/uvm_dpi.svh'.
Parsing included file '/home/jnjn0022/synopsys/vcs/etc/uvm/dpi/uvm_regex.svh'.
Back to file '/home/jnjn0022/synopsys/vcs/etc/uvm/dpi/uvm_dpi.svh'.
Back to file '/home/jnjn0022/synopsys/vcs/etc/uvm/uvm_pkg.sv'.
Parsing included file '/home/jnjn0022/synopsys/vcs/etc/uvm/base/uvm_base.svh'.
Parsing included file '/home/jnjn0022/synopsys/vcs/etc/uvm/base/uvm_version.svh'.
Back to file '/home/jnjn0022/synopsys/vcs/etc/uvm/base/uvm_base.svh'.
Parsing included file '/home/jnjn0022/synopsys/vcs/etc/uvm/base/uvm_object_globals.svh'.
Back to file '/home/jnjn0022/synopsys/vcs/etc/uvm/base/uvm_base.svh'.
Parsing included file '/home/jnjn0022/synopsys/vcs/etc/uvm/base/uvm_misc.svh'.
Back to file '/home/jnjn0022/synopsys/vcs/etc/uvm/base/uvm_base.svh'.
Parsing included file '/home/jnjn0022/synopsys/vcs/etc/uvm/base/uvm_object.svh'.
Back to file '/home/jnjn0022/synopsys/vcs/etc/uvm/base/uvm_base.svh'.
Parsing included file '/home/jnjn0022/synopsys/vcs/etc/uvm/base/uvm_pool.svh'.
Back to file '/home/jnjn0022/synopsys/vcs/etc/uvm/base/uvm_base.svh'.
Parsing included file '/home/jnjn0022/synopsys/vcs/etc/uvm/base/uvm_queue.svh'.
Back to file '/home/jnjn0022/synopsys/vcs/etc/uvm/base/uvm_base.svh'.
Parsing included file '/home/jnjn0022/synopsys/vcs/etc/uvm/base/uvm_factory.svh'.
Back to file '/home/jnjn0022/synopsys/vcs/etc/uvm/base/uvm_base.svh'.
Parsing included file '/home/jnjn0022/synopsys/vcs/etc/uvm/base/uvm_registry.svh'.
Back to file '/home/jnjn0022/synopsys/vcs/etc/uvm/base/uvm_base.svh'.
Parsing included file '/home/jnjn0022/synopsys/vcs/etc/uvm/base/uvm_spell_chkr.svh'.
Back to file '/home/jnjn0022/synopsys/vcs/etc/uvm/base/uvm_base.svh'.
Parsing included file '/home/jnjn0022/synopsys/vcs/etc/uvm/base/uvm_resource.svh'.
Back to file '/home/jnjn0022/synopsys/vcs/etc/uvm/base/uvm_base.svh'.
Parsing included file '/home/jnjn0022/synopsys/vcs/etc/uvm/deprecated/uvm_resource_converter.svh'.
Back to file '/home/jnjn0022/synopsys/vcs/etc/uvm/base/uvm_base.svh'.
Parsing included file '/home/jnjn0022/synopsys/vcs/etc/uvm/base/uvm_resource_specializations.svh'.
Back to file '/home/jnjn0022/synopsys/vcs/etc/uvm/base/uvm_base.svh'.
Parsing included file '/home/jnjn0022/synopsys/vcs/etc/uvm/base/uvm_resource_db.svh'.
Back to file '/home/jnjn0022/synopsys/vcs/etc/uvm/base/uvm_base.svh'.
Parsing included file '/home/jnjn0022/synopsys/vcs/etc/uvm/base/uvm_config_db.svh'.
Back to file '/home/jnjn0022/synopsys/vcs/etc/uvm/base/uvm_base.svh'.
Parsing included file '/home/jnjn0022/synopsys/vcs/etc/uvm/base/uvm_printer.svh'.
Back to file '/home/jnjn0022/synopsys/vcs/etc/uvm/base/uvm_base.svh'.
Parsing included file '/home/jnjn0022/synopsys/vcs/etc/uvm/base/uvm_comparer.svh'.
Back to file '/home/jnjn0022/synopsys/vcs/etc/uvm/base/uvm_base.svh'.
Parsing included file '/home/jnjn0022/synopsys/vcs/etc/uvm/base/uvm_packer.svh'.
Back to file '/home/jnjn0022/synopsys/vcs/etc/uvm/base/uvm_base.svh'.
Parsing included file '/home/jnjn0022/synopsys/vcs/etc/uvm/base/uvm_recorder.svh'.
Back to file '/home/jnjn0022/synopsys/vcs/etc/uvm/base/uvm_base.svh'.
Parsing included file '/home/jnjn0022/synopsys/vcs/etc/uvm/base/uvm_event_callback.svh'.
Back to file '/home/jnjn0022/synopsys/vcs/etc/uvm/base/uvm_base.svh'.
Parsing included file '/home/jnjn0022/synopsys/vcs/etc/uvm/base/uvm_event.svh'.
Back to file '/home/jnjn0022/synopsys/vcs/etc/uvm/base/uvm_base.svh'.
Parsing included file '/home/jnjn0022/synopsys/vcs/etc/uvm/base/uvm_barrier.svh'.
Back to file '/home/jnjn0022/synopsys/vcs/etc/uvm/base/uvm_base.svh'.
Parsing included file '/home/jnjn0022/synopsys/vcs/etc/uvm/base/uvm_callback.svh'.
Parsing included file '/home/jnjn0022/synopsys/vcs/etc/uvm/uvm_macros.svh'.
Back to file '/home/jnjn0022/synopsys/vcs/etc/uvm/base/uvm_callback.svh'.
Back to file '/home/jnjn0022/synopsys/vcs/etc/uvm/base/uvm_base.svh'.
Parsing included file '/home/jnjn0022/synopsys/vcs/etc/uvm/base/uvm_report_catcher.svh'.
Back to file '/home/jnjn0022/synopsys/vcs/etc/uvm/base/uvm_base.svh'.
Parsing included file '/home/jnjn0022/synopsys/vcs/etc/uvm/base/uvm_report_server.svh'.
Back to file '/home/jnjn0022/synopsys/vcs/etc/uvm/base/uvm_base.svh'.
Parsing included file '/home/jnjn0022/synopsys/vcs/etc/uvm/base/uvm_report_handler.svh'.
Back to file '/home/jnjn0022/synopsys/vcs/etc/uvm/base/uvm_base.svh'.
Parsing included file '/home/jnjn0022/synopsys/vcs/etc/uvm/base/uvm_report_object.svh'.
Back to file '/home/jnjn0022/synopsys/vcs/etc/uvm/base/uvm_base.svh'.
Parsing included file '/home/jnjn0022/synopsys/vcs/etc/uvm/base/uvm_transaction.svh'.
Back to file '/home/jnjn0022/synopsys/vcs/etc/uvm/base/uvm_base.svh'.
Parsing included file '/home/jnjn0022/synopsys/vcs/etc/uvm/base/uvm_phase.svh'.
